<?xml version="1.0" encoding="UTF-8"?>
<coverage generated="1573471022945" clover="3.2.0">
  <project timestamp="1573471022945" name="All files">
    <metrics statements="23" coveredstatements="23" conditionals="0" coveredconditionals="0" methods="8" coveredmethods="8" elements="31" coveredelements="31" complexity="0" loc="23" ncloc="23" packages="1" files="5" classes="5"/>
    <file name="Count.tsx" path="/Users/hutu/study/test-work/jest-demo/src/Count.tsx">
      <metrics statements="6" coveredstatements="6" conditionals="0" coveredconditionals="0" methods="2" coveredmethods="2"/>
      <line num="1" count="1" type="stmt"/>
      <line num="3" count="1" type="stmt"/>
      <line num="4" count="2" type="stmt"/>
      <line num="5" count="2" type="stmt"/>
      <line num="8" count="1" type="stmt"/>
      <line num="13" count="1" type="stmt"/>
    </file>
    <file name="Example.tsx" path="/Users/hutu/study/test-work/jest-demo/src/Example.tsx">
      <metrics statements="3" coveredstatements="3" conditionals="0" coveredconditionals="0" methods="1" coveredmethods="1"/>
      <line num="1" count="1" type="stmt"/>
      <line num="2" count="1" type="stmt"/>
      <line num="3" count="1" type="stmt"/>
    </file>
    <file name="Message.tsx" path="/Users/hutu/study/test-work/jest-demo/src/Message.tsx">
      <metrics statements="4" coveredstatements="4" conditionals="0" coveredconditionals="0" methods="1" coveredmethods="1"/>
      <line num="1" count="1" type="stmt"/>
      <line num="7" count="1" type="stmt"/>
      <line num="8" count="2" type="stmt"/>
      <line num="10" count="1" type="stmt"/>
    </file>
    <file name="SettimeCount.tsx" path="/Users/hutu/study/test-work/jest-demo/src/SettimeCount.tsx">
      <metrics statements="8" coveredstatements="8" conditionals="0" coveredconditionals="0" methods="3" coveredmethods="3"/>
      <line num="1" count="1" type="stmt"/>
      <line num="3" count="1" type="stmt"/>
      <line num="4" count="2" type="stmt"/>
      <line num="5" count="2" type="stmt"/>
      <line num="6" count="1" type="stmt"/>
      <line num="7" count="1" type="stmt"/>
      <line num="10" count="2" type="stmt"/>
      <line num="17" count="1" type="stmt"/>
    </file>
    <file name="sum.ts" path="/Users/hutu/study/test-work/jest-demo/src/sum.ts">
      <metrics statements="2" coveredstatements="2" conditionals="0" coveredconditionals="0" methods="1" coveredmethods="1"/>
      <line num="1" count="1" type="stmt"/>
      <line num="2" count="1" type="stmt"/>
    </file>
  </project>
</coverage>
