{"/Users/hutu/study/test-work/jest-demo/src/Count.tsx": {"path":"/Users/hutu/study/test-work/jest-demo/src/Count.tsx","statementMap":{"0":{"start":{"line":1,"column":0},"end":{"line":1,"column":37}},"1":{"start":{"line":3,"column":14},"end":{"line":11,"column":1}},"2":{"start":{"line":4,"column":8},"end":{"line":4,"column":9}},"3":{"start":{"line":4,"column":9},"end":{"line":4,"column":14}},"4":{"start":{"line":4,"column":16},"end":{"line":4,"column":39}},"5":{"start":{"line":5,"column":2},"end":{"line":10,"column":null}},"6":{"start":{"line":8,"column":27},"end":{"line":8,"column":57}},"7":{"start":{"line":13,"column":0},"end":{"line":13,"column":null}}},"fnMap":{"0":{"name":"(anonymous_1)","decl":{"start":{"line":3,"column":14},"end":{"line":3,"column":null}},"loc":{"start":{"line":3,"column":14},"end":{"line":11,"column":1}}},"1":{"name":"(anonymous_2)","decl":{"start":{"line":8,"column":23},"end":{"line":8,"column":27}},"loc":{"start":{"line":8,"column":23},"end":{"line":8,"column":35}}}},"branchMap":{},"s":{"0":1,"1":1,"2":2,"3":2,"4":2,"5":2,"6":1,"7":1},"f":{"0":2,"1":1},"b":{}}
,"/Users/hutu/study/test-work/jest-demo/src/Example.tsx": {"path":"/Users/hutu/study/test-work/jest-demo/src/Example.tsx","statementMap":{"0":{"start":{"line":1,"column":0},"end":{"line":1,"column":26}},"1":{"start":{"line":3,"column":4},"end":{"line":5,"column":null}},"2":{"start":{"line":2,"column":0},"end":{"line":2,"column":24}}},"fnMap":{"0":{"name":"Example","decl":{"start":{"line":2,"column":24},"end":{"line":2,"column":31}},"loc":{"start":{"line":2,"column":31},"end":{"line":6,"column":1}}}},"branchMap":{},"s":{"0":1,"1":1,"2":1},"f":{"0":1},"b":{}}
,"/Users/hutu/study/test-work/jest-demo/src/Message.tsx": {"path":"/Users/hutu/study/test-work/jest-demo/src/Message.tsx","statementMap":{"0":{"start":{"line":1,"column":0},"end":{"line":1,"column":25}},"1":{"start":{"line":7,"column":16},"end":{"line":9,"column":1}},"2":{"start":{"line":8,"column":2},"end":{"line":8,"column":null}},"3":{"start":{"line":10,"column":0},"end":{"line":10,"column":null}}},"fnMap":{"0":{"name":"(anonymous_1)","decl":{"start":{"line":7,"column":16},"end":{"line":7,"column":17}},"loc":{"start":{"line":7,"column":36},"end":{"line":9,"column":1}}}},"branchMap":{},"s":{"0":1,"1":1,"2":2,"3":1},"f":{"0":2},"b":{}}
,"/Users/hutu/study/test-work/jest-demo/src/SettimeCount.tsx": {"path":"/Users/hutu/study/test-work/jest-demo/src/SettimeCount.tsx","statementMap":{"0":{"start":{"line":1,"column":0},"end":{"line":1,"column":48}},"1":{"start":{"line":3,"column":19},"end":{"line":15,"column":1}},"2":{"start":{"line":4,"column":8},"end":{"line":4,"column":9}},"3":{"start":{"line":4,"column":9},"end":{"line":4,"column":14}},"4":{"start":{"line":4,"column":16},"end":{"line":4,"column":39}},"5":{"start":{"line":5,"column":2},"end":{"line":9,"column":null}},"6":{"start":{"line":6,"column":4},"end":{"line":8,"column":null}},"7":{"start":{"line":7,"column":6},"end":{"line":7,"column":null}},"8":{"start":{"line":10,"column":2},"end":{"line":14,"column":null}},"9":{"start":{"line":17,"column":0},"end":{"line":17,"column":null}}},"fnMap":{"0":{"name":"(anonymous_1)","decl":{"start":{"line":3,"column":19},"end":{"line":3,"column":null}},"loc":{"start":{"line":3,"column":19},"end":{"line":15,"column":1}}},"1":{"name":"(anonymous_2)","decl":{"start":{"line":5,"column":12},"end":{"line":5,"column":null}},"loc":{"start":{"line":5,"column":12},"end":{"line":9,"column":3}}},"2":{"name":"(anonymous_3)","decl":{"start":{"line":6,"column":15},"end":{"line":6,"column":null}},"loc":{"start":{"line":6,"column":15},"end":{"line":8,"column":5}}}},"branchMap":{},"s":{"0":1,"1":1,"2":2,"3":2,"4":2,"5":2,"6":1,"7":1,"8":2,"9":1},"f":{"0":2,"1":1,"2":1},"b":{}}
,"/Users/hutu/study/test-work/jest-demo/src/sum.ts": {"path":"/Users/hutu/study/test-work/jest-demo/src/sum.ts","statementMap":{"0":{"start":{"line":2,"column":2},"end":{"line":2,"column":15}},"1":{"start":{"line":1,"column":0},"end":{"line":1,"column":24}}},"fnMap":{"0":{"name":"sum","decl":{"start":{"line":1,"column":24},"end":{"line":1,"column":27}},"loc":{"start":{"line":1,"column":48},"end":{"line":3,"column":1}}}},"branchMap":{},"s":{"0":1,"1":1},"f":{"0":1},"b":{}}
}
