{"/Users/hutu/study/test-work/jest-demo/src/Example.tsx": {"path":"/Users/hutu/study/test-work/jest-demo/src/Example.tsx","statementMap":{"0":{"start":{"line":1,"column":0},"end":{"line":1,"column":26}},"1":{"start":{"line":3,"column":4},"end":{"line":5,"column":null}},"2":{"start":{"line":2,"column":0},"end":{"line":2,"column":24}}},"fnMap":{"0":{"name":"Example","decl":{"start":{"line":2,"column":24},"end":{"line":2,"column":31}},"loc":{"start":{"line":2,"column":31},"end":{"line":6,"column":1}}}},"branchMap":{},"s":{"0":1,"1":1,"2":1},"f":{"0":1},"b":{}}
,"/Users/hutu/study/test-work/jest-demo/src/Message.tsx": {"path":"/Users/hutu/study/test-work/jest-demo/src/Message.tsx","statementMap":{"0":{"start":{"line":1,"column":0},"end":{"line":1,"column":25}},"1":{"start":{"line":7,"column":16},"end":{"line":9,"column":1}},"2":{"start":{"line":8,"column":2},"end":{"line":8,"column":null}},"3":{"start":{"line":10,"column":0},"end":{"line":10,"column":null}}},"fnMap":{"0":{"name":"(anonymous_1)","decl":{"start":{"line":7,"column":16},"end":{"line":7,"column":17}},"loc":{"start":{"line":7,"column":36},"end":{"line":9,"column":1}}}},"branchMap":{},"s":{"0":1,"1":1,"2":2,"3":1},"f":{"0":2},"b":{}}
,"/Users/hutu/study/test-work/jest-demo/src/sum.ts": {"path":"/Users/hutu/study/test-work/jest-demo/src/sum.ts","statementMap":{"0":{"start":{"line":2,"column":2},"end":{"line":2,"column":15}},"1":{"start":{"line":1,"column":0},"end":{"line":1,"column":24}}},"fnMap":{"0":{"name":"sum","decl":{"start":{"line":1,"column":24},"end":{"line":1,"column":27}},"loc":{"start":{"line":1,"column":48},"end":{"line":3,"column":1}}}},"branchMap":{},"s":{"0":1,"1":1},"f":{"0":1},"b":{}}
}
