TN:
SF:/Users/hutu/study/test-work/jest-demo/src/Count.tsx
FN:3,(anonymous_1)
FN:8,(anonymous_2)
FNF:2
FNH:2
FNDA:2,(anonymous_1)
FNDA:1,(anonymous_2)
DA:1,1
DA:3,1
DA:4,2
DA:5,2
DA:8,1
DA:13,1
LF:6
LH:6
BRF:0
BRH:0
end_of_record
TN:
SF:/Users/hutu/study/test-work/jest-demo/src/Example.tsx
FN:2,Example
FNF:1
FNH:1
FNDA:1,Example
DA:1,1
DA:2,1
DA:3,1
LF:3
LH:3
BRF:0
BRH:0
end_of_record
TN:
SF:/Users/hutu/study/test-work/jest-demo/src/Message.tsx
FN:7,(anonymous_1)
FNF:1
FNH:1
FNDA:2,(anonymous_1)
DA:1,1
DA:7,1
DA:8,2
DA:10,1
LF:4
LH:4
BRF:0
BRH:0
end_of_record
TN:
SF:/Users/hutu/study/test-work/jest-demo/src/sum.ts
FN:1,sum
FNF:1
FNH:1
FNDA:1,sum
DA:1,1
DA:2,1
LF:2
LH:2
BRF:0
BRH:0
end_of_record
